#
# A fatal error has been detected by the Java Runtime Environment:
#
#  EXCEPTION_UNCAUGHT_CXX_EXCEPTION (0xe06d7363) at pc=0x00007ffe424e49b9, pid=15120, tid=14480
#
# JRE version: OpenJDK Runtime Environment Temurin-17.0.7+7 (17.0.7+7) (build 17.0.7+7)
# Java VM: OpenJDK 64-Bit Server VM Temurin-17.0.7+7 (17.0.7+7, mixed mode, tiered, compressed oops, compressed class ptrs, g1 gc, windows-amd64)
# Problematic frame:
# C  [KERNELBASE.dll+0x349b9]
#
# No core dump will be written. Minidumps are not enabled by default on client versions of Windows
#
# If you would like to submit a bug report, please visit:
#   https://github.com/adoptium/adoptium-support/issues
#

---------------  S U M M A R Y ------------

Command Line: -Dfile.encoding=UTF-8 --module-path=C:\Users\Lenovo T460\eclipse-workspace\calculadoraSwitch\bin -XX:+ShowCodeDetailsInExceptionMessages -Djdk.module.main=calculadoraSwitch calculadoraSwitch/calculadoraSwitch.MenuOperaciones

Host: Intel(R) Core(TM) i5-6300U CPU @ 2.40GHz, 4 cores, 7G,  Windows 10 , 64 bit Build 17763 (10.0.17763.4377)
Time: Fri Jun 30 01:14:21 2023 Hora estándar central (México) elapsed time: 0.213600 seconds (0d 0h 0m 0s)

---------------  T H R E A D  ---------------

Current thread (0x0000016936feea50):  JavaThread "main" [_thread_in_vm, id=14480, stack(0x0000004d3cc00000,0x0000004d3cd00000)]

Stack: [0x0000004d3cc00000,0x0000004d3cd00000],  sp=0x0000004d3ccfd2d0,  free space=1012k
Native frames: (J=compiled Java code, j=interpreted, Vv=VM code, C=native code)
C  [KERNELBASE.dll+0x349b9]
C  [VCRUNTIME140.dll+0x6220]
C  [jimage.dll+0x32a7]
C  [jimage.dll+0x2a15]
C  [jimage.dll+0x145b]
C  [jimage.dll+0x1e97]
C  [jimage.dll+0x1f2e]
C  [jimage.dll+0x2666]
V  [jvm.dll+0x1f33dd]
V  [jvm.dll+0x1f2002]
V  [jvm.dll+0x7af05b]
V  [jvm.dll+0x7b0402]
V  [jvm.dll+0x7b0738]
V  [jvm.dll+0x23ec6e]
V  [jvm.dll+0x38283b]
C  0x0000016941bdf57f

Java frames: (J=compiled Java code, j=interpreted, Vv=VM code)
j  java.lang.invoke.DirectMethodHandle.shouldBeInitialized(Ljava/lang/invoke/MemberName;)Z+66 java.base@17.0.7
j  java.lang.invoke.DirectMethodHandle.preparedLambdaForm(Ljava/lang/invoke/MemberName;Z)Ljava/lang/invoke/LambdaForm;+131 java.base@17.0.7
j  java.lang.invoke.DirectMethodHandle.preparedLambdaForm(Ljava/lang/invoke/MemberName;)Ljava/lang/invoke/LambdaForm;+2 java.base@17.0.7
j  java.lang.invoke.DirectMethodHandle.make(BLjava/lang/Class;Ljava/lang/invoke/MemberName;Ljava/lang/Class;)Ljava/lang/invoke/DirectMethodHandle;+163 java.base@17.0.7
j  java.lang.invoke.MethodHandles$Lookup.getDirectMethodCommon(BLjava/lang/Class;Ljava/lang/invoke/MemberName;ZZLjava/lang/invoke/MethodHandles$Lookup;)Ljava/lang/invoke/MethodHandle;+210 java.base@17.0.7
j  java.lang.invoke.MethodHandles$Lookup.getDirectMethodNoSecurityManager(BLjava/lang/Class;Ljava/lang/invoke/MemberName;Ljava/lang/invoke/MethodHandles$Lookup;)Ljava/lang/invoke/MethodHandle;+14 java.base@17.0.7
j  java.lang.invoke.MethodHandles$Lookup.getDirectMethodForConstant(BLjava/lang/Class;Ljava/lang/invoke/MemberName;)Ljava/lang/invoke/MethodHandle;+31 java.base@17.0.7
j  java.lang.invoke.MethodHandles$Lookup.linkMethodHandleConstant(BLjava/lang/Class;Ljava/lang/String;Ljava/lang/Object;)Ljava/lang/invoke/MethodHandle;+153 java.base@17.0.7
j  java.lang.invoke.MethodHandleNatives.linkMethodHandleConstant(Ljava/lang/Class;ILjava/lang/Class;Ljava/lang/String;Ljava/lang/Object;)Ljava/lang/invoke/MethodHandle;+38 java.base@17.0.7
v  ~StubRoutines::call_stub
j  java.lang.module.ModuleFinder$2.find(Ljava/lang/String;)Ljava/util/Optional;+33 java.base@17.0.7
j  java.lang.module.Resolver.findWithBeforeFinder(Ljava/lang/String;)Ljava/lang/module/ModuleReference;+5 java.base@17.0.7
j  java.lang.module.Resolver.resolve(Ljava/util/Collection;)Ljava/lang/module/Resolver;+38 java.base@17.0.7
j  java.lang.module.Configuration.resolveAndBind(Ljava/lang/module/ModuleFinder;Ljava/util/Collection;Ljava/io/PrintStream;)Ljava/lang/module/Configuration;+29 java.base@17.0.7
j  java.lang.module.ModuleDescriptor$1.resolveAndBind(Ljava/lang/module/ModuleFinder;Ljava/util/Collection;Ljava/io/PrintStream;)Ljava/lang/module/Configuration;+3 java.base@17.0.7
j  jdk.internal.module.Modules.newBootLayerConfiguration(Ljava/lang/module/ModuleFinder;Ljava/util/Collection;Ljava/io/PrintStream;)Ljava/lang/module/Configuration;+6 java.base@17.0.7
j  jdk.internal.module.ModuleBootstrap.boot2()Ljava/lang/ModuleLayer;+896 java.base@17.0.7
j  jdk.internal.module.ModuleBootstrap.boot()Ljava/lang/ModuleLayer;+64 java.base@17.0.7
j  java.lang.System.initPhase2(ZZ)I+0 java.base@17.0.7
v  ~StubRoutines::call_stub

siginfo: EXCEPTION_UNCAUGHT_CXX_EXCEPTION (0xe06d7363), ExceptionInformation=0x0000000019930520 0x0000004d3ccfd430 0x00007ffe37c05138 0x00007ffe37c00000 


Register to memory mapping:

RIP=0x00007ffe424e49b9 KERNELBASE.dll
RAX=0x0000004d3ccfcd10 is pointing into the stack for thread: 0x0000016936feea50
RBX=0x00007ffe37c05138 jimage.dll
RCX=0x0000016950369f80 points into unknown readable memory: 0x0073060000000bb6 | b6 0b 00 00 00 06 73 00
RDX=0x00007ffdf0fdc7a1 jvm.dll
RSP=0x0000004d3ccfd2d0 is pointing into the stack for thread: 0x0000016936feea50
RBP=0x0000004d3ccfd560 is pointing into the stack for thread: 0x0000016936feea50
RSI=0x0000004d3ccfd430 is pointing into the stack for thread: 0x0000016936feea50
RDI=0x0000000019930520 is an unknown value
R8 =0x00000169503ee730 points into unknown readable memory: 0x0000000000000bb6 | b6 0b 00 00 00 00 00 00
R9 =0x0000004d3ccfceb0 is pointing into the stack for thread: 0x0000016936feea50
R10=0x00007ffdf11a8f60 jvm.dll
R11=0x0000004d3ccfcbd8 is pointing into the stack for thread: 0x0000016936feea50
R12=0x000000000000af6a is an unknown value
R13=0x0000016936feef30 points into unknown readable memory: 0x6e616c2f6176616a | 6a 61 76 61 2f 6c 61 6e
R14=0x00000169503fe020 points into unknown readable memory: 0x01060005000c0400 | 00 04 0c 00 05 00 06 01
R15=0x00000169503fe020 points into unknown readable memory: 0x01060005000c0400 | 00 04 0c 00 05 00 06 01


Registers:
RAX=0x0000004d3ccfcd10, RBX=0x00007ffe37c05138, RCX=0x0000016950369f80, RDX=0x00007ffdf0fdc7a1
RSP=0x0000004d3ccfd2d0, RBP=0x0000004d3ccfd560, RSI=0x0000004d3ccfd430, RDI=0x0000000019930520
R8 =0x00000169503ee730, R9 =0x0000004d3ccfceb0, R10=0x00007ffdf11a8f60, R11=0x0000004d3ccfcbd8
R12=0x000000000000af6a, R13=0x0000016936feef30, R14=0x00000169503fe020, R15=0x00000169503fe020
RIP=0x00007ffe424e49b9, EFLAGS=0x0000000000000206

Top of Stack: (sp=0x0000004d3ccfd2d0)
0x0000004d3ccfd2d0:   00000000000003ff 00007ffe37c05138
0x0000004d3ccfd2e0:   0000004d3ccfd430 0000000019930520
0x0000004d3ccfd2f0:   00000001e06d7363 0000000000000000
0x0000004d3ccfd300:   00007ffe424e49b9 0000000000000004
0x0000004d3ccfd310:   0000000019930520 0000004d3ccfd430
0x0000004d3ccfd320:   00007ffe37c05138 00007ffe37c00000
0x0000004d3ccfd330:   0000016936feef30 000000000000af6a
0x0000004d3ccfd340:   0000000019930520 0000004d3ccfd430
0x0000004d3ccfd350:   0000004d3ccfd560 00007ffe459773af
0x0000004d3ccfd360:   0000004d3ccfd3d0 0000004d00000000
0x0000004d3ccfd370:   0000000000000003 00007ffe4594e830
0x0000004d3ccfd380:   00007ffe37c07000 00007ffe37c00000
0x0000004d3ccfd390:   0000bb17409d503b 00007ffe4594e830
0x0000004d3ccfd3a0:   00007ffe37c05138 00007ffe3f996220
0x0000004d3ccfd3b0:   0000aa67e48d9f6f 00007ffe4275f9a1
0x0000004d3ccfd3c0:   0000004d3ccfd4c0 00007ffe4276f041 

Instructions: (pc=0x00007ffe424e49b9)
0x00007ffe424e48b9:   cc cc cc cc cc cc cc 48 89 5c 24 08 48 d1 ea 33
0x00007ffe424e48c9:   db 41 ba fe ff ff 7f 44 8b cb 41 bb 57 00 07 80
0x00007ffe424e48d9:   48 8d 42 ff 49 3b c2 45 0f 47 cb 45 85 c9 0f 88
0x00007ffe424e48e9:   ff bc 06 00 48 85 d2 74 26 4c 2b d2 4c 2b c1 49
0x00007ffe424e48f9:   8d 04 12 48 85 c0 74 17 41 0f b7 04 08 66 85 c0
0x00007ffe424e4909:   74 0d 66 89 01 48 83 c1 02 48 83 ea 01 75 e0 48
0x00007ffe424e4919:   85 d2 48 8d 41 fe 48 0f 45 c1 48 f7 da 45 1b c9
0x00007ffe424e4929:   41 f7 d1 41 81 e1 7a 00 07 80 66 89 18 48 8b 5c
0x00007ffe424e4939:   24 08 41 8b c1 c3 cc cc cc cc cc cc cc cc cc cc
0x00007ffe424e4949:   cc cc cc cc cc cc cc 48 81 ec d8 00 00 00 48 8b
0x00007ffe424e4959:   05 52 f7 22 00 48 33 c4 48 89 84 24 c0 00 00 00
0x00007ffe424e4969:   48 83 64 24 28 00 48 8d 05 da ff ff ff 83 e2 01
0x00007ffe424e4979:   89 4c 24 20 89 54 24 24 48 89 44 24 30 4d 85 c9
0x00007ffe424e4989:   74 4b b8 0f 00 00 00 48 8d 4c 24 40 44 3b c0 49
0x00007ffe424e4999:   8b d1 44 0f 47 c0 44 89 44 24 38 49 c1 e0 03 e8
0x00007ffe424e49a9:   9a e6 05 00 48 8d 4c 24 20 48 ff 15 17 e2 16 00
0x00007ffe424e49b9:   0f 1f 44 00 00 48 8b 8c 24 c0 00 00 00 48 33 cc
0x00007ffe424e49c9:   e8 82 33 05 00 48 81 c4 d8 00 00 00 c3 83 64 24
0x00007ffe424e49d9:   38 00 eb d0 cc cc cc cc cc cc cc cc cc cc cc cc
0x00007ffe424e49e9:   cc cc cc cc cc cc cc 33 d2 e9 09 00 00 00 cc cc
0x00007ffe424e49f9:   cc cc cc cc cc cc cc 89 54 24 10 4c 8b dc 53 56
0x00007ffe424e4a09:   57 48 81 ec 80 00 00 00 8b da 8b f9 49 c7 43 98
0x00007ffe424e4a19:   48 00 00 00 c7 44 24 38 01 00 00 00 33 c0 49 89
0x00007ffe424e4a29:   43 a8 49 89 43 b0 49 89 43 b8 49 89 43 c0 49 89
0x00007ffe424e4a39:   43 c8 49 89 43 d0 49 89 43 d8 49 8d 4b 20 48 ff
0x00007ffe424e4a49:   15 2a eb 16 00 0f 1f 44 00 00 89 84 24 b0 00 00
0x00007ffe424e4a59:   00 85 c0 0f 89 9c bb 06 00 33 f6 48 8b 94 24 b8
0x00007ffe424e4a69:   00 00 00 85 db 0f 85 92 00 00 00 83 ff ff 74 43
0x00007ffe424e4a79:   48 69 cf 10 27 00 00 48 89 4c 24 20 48 f7 d9 48
0x00007ffe424e4a89:   89 4c 24 20 48 85 d2 75 38 48 8d 54 24 20 0f b6
0x00007ffe424e4a99:   cb 48 ff 15 8f e9 16 00 0f 1f 44 00 00 8b f8 89
0x00007ffe424e4aa9:   84 24 b0 00 00 00 85 db 74 28 3d 01 01 00 00 75 


Stack slot to memory mapping:
stack at sp + 0 slots: 0x00000000000003ff is an unknown value
stack at sp + 1 slots: 0x00007ffe37c05138 jimage.dll
stack at sp + 2 slots: 0x0000004d3ccfd430 is pointing into the stack for thread: 0x0000016936feea50
stack at sp + 3 slots: 0x0000000019930520 is an unknown value
stack at sp + 4 slots: 0x00000001e06d7363 is an unknown value
stack at sp + 5 slots: 0x0 is NULL
stack at sp + 6 slots: 0x00007ffe424e49b9 KERNELBASE.dll
stack at sp + 7 slots: 0x0000000000000004 is an unknown value


---------------  P R O C E S S  ---------------

Threads class SMR info:
_java_thread_list=0x0000016950267ea0, length=10, elements={
0x0000016936feea50, 0x00000169502697a0, 0x000001695026a3d0, 0x00000169502ad010,
0x00000169502ad8d0, 0x00000169502ae190, 0x00000169502b37b0, 0x00000169502c4560,
0x00000169502c5000, 0x00000169502c59f0
}

Java Threads: ( => current thread )
=>0x0000016936feea50 JavaThread "main" [_thread_in_vm, id=14480, stack(0x0000004d3cc00000,0x0000004d3cd00000)]
  0x00000169502697a0 JavaThread "Reference Handler" daemon [_thread_blocked, id=11408, stack(0x0000004d3d300000,0x0000004d3d400000)]
  0x000001695026a3d0 JavaThread "Finalizer" daemon [_thread_blocked, id=13848, stack(0x0000004d3d400000,0x0000004d3d500000)]
  0x00000169502ad010 JavaThread "Signal Dispatcher" daemon [_thread_blocked, id=2000, stack(0x0000004d3d500000,0x0000004d3d600000)]
  0x00000169502ad8d0 JavaThread "Attach Listener" daemon [_thread_blocked, id=10712, stack(0x0000004d3d600000,0x0000004d3d700000)]
  0x00000169502ae190 JavaThread "Service Thread" daemon [_thread_blocked, id=6716, stack(0x0000004d3d700000,0x0000004d3d800000)]
  0x00000169502b37b0 JavaThread "Monitor Deflation Thread" daemon [_thread_blocked, id=7216, stack(0x0000004d3d800000,0x0000004d3d900000)]
  0x00000169502c4560 JavaThread "C2 CompilerThread0" daemon [_thread_blocked, id=13676, stack(0x0000004d3d900000,0x0000004d3da00000)]
  0x00000169502c5000 JavaThread "C1 CompilerThread0" daemon [_thread_blocked, id=11840, stack(0x0000004d3da00000,0x0000004d3db00000)]
  0x00000169502c59f0 JavaThread "Sweeper thread" daemon [_thread_blocked, id=7532, stack(0x0000004d3db00000,0x0000004d3dc00000)]

Other Threads:
  0x0000016950262ce0 VMThread "VM Thread" [stack: 0x0000004d3d200000,0x0000004d3d300000] [id=12756]
  0x0000016937046ba0 GCTaskThread "GC Thread#0" [stack: 0x0000004d3cd00000,0x0000004d3ce00000] [id=11060]
  0x00000169370573e0 ConcurrentGCThread "G1 Main Marker" [stack: 0x0000004d3ce00000,0x0000004d3cf00000] [id=13024]
  0x0000016937057df0 ConcurrentGCThread "G1 Conc#0" [stack: 0x0000004d3cf00000,0x0000004d3d000000] [id=5900]
  0x00000169500b4520 ConcurrentGCThread "G1 Refine#0" [stack: 0x0000004d3d000000,0x0000004d3d100000] [id=1016]
  0x00000169500b4e50 ConcurrentGCThread "G1 Service" [stack: 0x0000004d3d100000,0x0000004d3d200000] [id=604]

Threads with active compile tasks:

VM state: not at safepoint (normal execution)

VM Mutex/Monitor currently owned by a thread: None

Heap address: 0x0000000089600000, size: 1898 MB, Compressed Oops mode: 32-bit

CDS archive(s) not mapped
Compressed class space mapped at: 0x0000000100000000-0x0000000140000000, reserved size: 1073741824
Narrow klass base: 0x0000000000000000, Narrow klass shift: 3, Narrow klass range: 0x140000000

GC Precious Log:
 CPUs: 4 total, 4 available
 Memory: 7591M
 Large Page Support: Disabled
 NUMA Support: Disabled
 Compressed Oops: Enabled (32-bit)
 Heap Region Size: 1M
 Heap Min Capacity: 8M
 Heap Initial Capacity: 120M
 Heap Max Capacity: 1898M
 Pre-touch: Disabled
 Parallel Workers: 4
 Concurrent Workers: 1
 Concurrent Refinement Workers: 4
 Periodic GC: Disabled

Heap:
 garbage-first heap   total 122880K, used 0K [0x0000000089600000, 0x0000000100000000)
  region size 1024K, 1 young (1024K), 0 survivors (0K)
 Metaspace       used 3869K, committed 3904K, reserved 1114112K
  class space    used 303K, committed 320K, reserved 1048576K

Heap Regions: E=young(eden), S=young(survivor), O=old, HS=humongous(starts), HC=humongous(continues), CS=collection set, F=free, OA=open archive, CA=closed archive, TAMS=top-at-mark-start (previous, next)
|   0|0x0000000089600000, 0x0000000089600000, 0x0000000089700000|  0%| F|  |TAMS 0x0000000089600000, 0x0000000089600000| Untracked 
|   1|0x0000000089700000, 0x0000000089700000, 0x0000000089800000|  0%| F|  |TAMS 0x0000000089700000, 0x0000000089700000| Untracked 
|   2|0x0000000089800000, 0x0000000089800000, 0x0000000089900000|  0%| F|  |TAMS 0x0000000089800000, 0x0000000089800000| Untracked 
|   3|0x0000000089900000, 0x0000000089900000, 0x0000000089a00000|  0%| F|  |TAMS 0x0000000089900000, 0x0000000089900000| Untracked 
|   4|0x0000000089a00000, 0x0000000089a00000, 0x0000000089b00000|  0%| F|  |TAMS 0x0000000089a00000, 0x0000000089a00000| Untracked 
|   5|0x0000000089b00000, 0x0000000089b00000, 0x0000000089c00000|  0%| F|  |TAMS 0x0000000089b00000, 0x0000000089b00000| Untracked 
|   6|0x0000000089c00000, 0x0000000089c00000, 0x0000000089d00000|  0%| F|  |TAMS 0x0000000089c00000, 0x0000000089c00000| Untracked 
|   7|0x0000000089d00000, 0x0000000089d00000, 0x0000000089e00000|  0%| F|  |TAMS 0x0000000089d00000, 0x0000000089d00000| Untracked 
|   8|0x0000000089e00000, 0x0000000089e00000, 0x0000000089f00000|  0%| F|  |TAMS 0x0000000089e00000, 0x0000000089e00000| Untracked 
|   9|0x0000000089f00000, 0x0000000089f00000, 0x000000008a000000|  0%| F|  |TAMS 0x0000000089f00000, 0x0000000089f00000| Untracked 
|  10|0x000000008a000000, 0x000000008a000000, 0x000000008a100000|  0%| F|  |TAMS 0x000000008a000000, 0x000000008a000000| Untracked 
|  11|0x000000008a100000, 0x000000008a100000, 0x000000008a200000|  0%| F|  |TAMS 0x000000008a100000, 0x000000008a100000| Untracked 
|  12|0x000000008a200000, 0x000000008a200000, 0x000000008a300000|  0%| F|  |TAMS 0x000000008a200000, 0x000000008a200000| Untracked 
|  13|0x000000008a300000, 0x000000008a300000, 0x000000008a400000|  0%| F|  |TAMS 0x000000008a300000, 0x000000008a300000| Untracked 
|  14|0x000000008a400000, 0x000000008a400000, 0x000000008a500000|  0%| F|  |TAMS 0x000000008a400000, 0x000000008a400000| Untracked 
|  15|0x000000008a500000, 0x000000008a500000, 0x000000008a600000|  0%| F|  |TAMS 0x000000008a500000, 0x000000008a500000| Untracked 
|  16|0x000000008a600000, 0x000000008a600000, 0x000000008a700000|  0%| F|  |TAMS 0x000000008a600000, 0x000000008a600000| Untracked 
|  17|0x000000008a700000, 0x000000008a700000, 0x000000008a800000|  0%| F|  |TAMS 0x000000008a700000, 0x000000008a700000| Untracked 
|  18|0x000000008a800000, 0x000000008a800000, 0x000000008a900000|  0%| F|  |TAMS 0x000000008a800000, 0x000000008a800000| Untracked 
|  19|0x000000008a900000, 0x000000008a900000, 0x000000008aa00000|  0%| F|  |TAMS 0x000000008a900000, 0x000000008a900000| Untracked 
|  20|0x000000008aa00000, 0x000000008aa00000, 0x000000008ab00000|  0%| F|  |TAMS 0x000000008aa00000, 0x000000008aa00000| Untracked 
|  21|0x000000008ab00000, 0x000000008ab00000, 0x000000008ac00000|  0%| F|  |TAMS 0x000000008ab00000, 0x000000008ab00000| Untracked 
|  22|0x000000008ac00000, 0x000000008ac00000, 0x000000008ad00000|  0%| F|  |TAMS 0x000000008ac00000, 0x000000008ac00000| Untracked 
|  23|0x000000008ad00000, 0x000000008ad00000, 0x000000008ae00000|  0%| F|  |TAMS 0x000000008ad00000, 0x000000008ad00000| Untracked 
|  24|0x000000008ae00000, 0x000000008ae00000, 0x000000008af00000|  0%| F|  |TAMS 0x000000008ae00000, 0x000000008ae00000| Untracked 
|  25|0x000000008af00000, 0x000000008af00000, 0x000000008b000000|  0%| F|  |TAMS 0x000000008af00000, 0x000000008af00000| Untracked 
|  26|0x000000008b000000, 0x000000008b000000, 0x000000008b100000|  0%| F|  |TAMS 0x000000008b000000, 0x000000008b000000| Untracked 
|  27|0x000000008b100000, 0x000000008b100000, 0x000000008b200000|  0%| F|  |TAMS 0x000000008b100000, 0x000000008b100000| Untracked 
|  28|0x000000008b200000, 0x000000008b200000, 0x000000008b300000|  0%| F|  |TAMS 0x000000008b200000, 0x000000008b200000| Untracked 
|  29|0x000000008b300000, 0x000000008b300000, 0x000000008b400000|  0%| F|  |TAMS 0x000000008b300000, 0x000000008b300000| Untracked 
|  30|0x000000008b400000, 0x000000008b400000, 0x000000008b500000|  0%| F|  |TAMS 0x000000008b400000, 0x000000008b400000| Untracked 
|  31|0x000000008b500000, 0x000000008b500000, 0x000000008b600000|  0%| F|  |TAMS 0x000000008b500000, 0x000000008b500000| Untracked 
|  32|0x000000008b600000, 0x000000008b600000, 0x000000008b700000|  0%| F|  |TAMS 0x000000008b600000, 0x000000008b600000| Untracked 
|  33|0x000000008b700000, 0x000000008b700000, 0x000000008b800000|  0%| F|  |TAMS 0x000000008b700000, 0x000000008b700000| Untracked 
|  34|0x000000008b800000, 0x000000008b800000, 0x000000008b900000|  0%| F|  |TAMS 0x000000008b800000, 0x000000008b800000| Untracked 
|  35|0x000000008b900000, 0x000000008b900000, 0x000000008ba00000|  0%| F|  |TAMS 0x000000008b900000, 0x000000008b900000| Untracked 
|  36|0x000000008ba00000, 0x000000008ba00000, 0x000000008bb00000|  0%| F|  |TAMS 0x000000008ba00000, 0x000000008ba00000| Untracked 
|  37|0x000000008bb00000, 0x000000008bb00000, 0x000000008bc00000|  0%| F|  |TAMS 0x000000008bb00000, 0x000000008bb00000| Untracked 
|  38|0x000000008bc00000, 0x000000008bc00000, 0x000000008bd00000|  0%| F|  |TAMS 0x000000008bc00000, 0x000000008bc00000| Untracked 
|  39|0x000000008bd00000, 0x000000008bd00000, 0x000000008be00000|  0%| F|  |TAMS 0x000000008bd00000, 0x000000008bd00000| Untracked 
|  40|0x000000008be00000, 0x000000008be00000, 0x000000008bf00000|  0%| F|  |TAMS 0x000000008be00000, 0x000000008be00000| Untracked 
|  41|0x000000008bf00000, 0x000000008bf00000, 0x000000008c000000|  0%| F|  |TAMS 0x000000008bf00000, 0x000000008bf00000| Untracked 
|  42|0x000000008c000000, 0x000000008c000000, 0x000000008c100000|  0%| F|  |TAMS 0x000000008c000000, 0x000000008c000000| Untracked 
|  43|0x000000008c100000, 0x000000008c100000, 0x000000008c200000|  0%| F|  |TAMS 0x000000008c100000, 0x000000008c100000| Untracked 
|  44|0x000000008c200000, 0x000000008c200000, 0x000000008c300000|  0%| F|  |TAMS 0x000000008c200000, 0x000000008c200000| Untracked 
|  45|0x000000008c300000, 0x000000008c300000, 0x000000008c400000|  0%| F|  |TAMS 0x000000008c300000, 0x000000008c300000| Untracked 
|  46|0x000000008c400000, 0x000000008c400000, 0x000000008c500000|  0%| F|  |TAMS 0x000000008c400000, 0x000000008c400000| Untracked 
|  47|0x000000008c500000, 0x000000008c500000, 0x000000008c600000|  0%| F|  |TAMS 0x000000008c500000, 0x000000008c500000| Untracked 
|  48|0x000000008c600000, 0x000000008c600000, 0x000000008c700000|  0%| F|  |TAMS 0x000000008c600000, 0x000000008c600000| Untracked 
|  49|0x000000008c700000, 0x000000008c700000, 0x000000008c800000|  0%| F|  |TAMS 0x000000008c700000, 0x000000008c700000| Untracked 
|  50|0x000000008c800000, 0x000000008c800000, 0x000000008c900000|  0%| F|  |TAMS 0x000000008c800000, 0x000000008c800000| Untracked 
|  51|0x000000008c900000, 0x000000008c900000, 0x000000008ca00000|  0%| F|  |TAMS 0x000000008c900000, 0x000000008c900000| Untracked 
|  52|0x000000008ca00000, 0x000000008ca00000, 0x000000008cb00000|  0%| F|  |TAMS 0x000000008ca00000, 0x000000008ca00000| Untracked 
|  53|0x000000008cb00000, 0x000000008cb00000, 0x000000008cc00000|  0%| F|  |TAMS 0x000000008cb00000, 0x000000008cb00000| Untracked 
|  54|0x000000008cc00000, 0x000000008cc00000, 0x000000008cd00000|  0%| F|  |TAMS 0x000000008cc00000, 0x000000008cc00000| Untracked 
|  55|0x000000008cd00000, 0x000000008cd00000, 0x000000008ce00000|  0%| F|  |TAMS 0x000000008cd00000, 0x000000008cd00000| Untracked 
|  56|0x000000008ce00000, 0x000000008ce00000, 0x000000008cf00000|  0%| F|  |TAMS 0x000000008ce00000, 0x000000008ce00000| Untracked 
|  57|0x000000008cf00000, 0x000000008cf00000, 0x000000008d000000|  0%| F|  |TAMS 0x000000008cf00000, 0x000000008cf00000| Untracked 
|  58|0x000000008d000000, 0x000000008d000000, 0x000000008d100000|  0%| F|  |TAMS 0x000000008d000000, 0x000000008d000000| Untracked 
|  59|0x000000008d100000, 0x000000008d100000, 0x000000008d200000|  0%| F|  |TAMS 0x000000008d100000, 0x000000008d100000| Untracked 
|  60|0x000000008d200000, 0x000000008d200000, 0x000000008d300000|  0%| F|  |TAMS 0x000000008d200000, 0x000000008d200000| Untracked 
|  61|0x000000008d300000, 0x000000008d300000, 0x000000008d400000|  0%| F|  |TAMS 0x000000008d300000, 0x000000008d300000| Untracked 
|  62|0x000000008d400000, 0x000000008d400000, 0x000000008d500000|  0%| F|  |TAMS 0x000000008d400000, 0x000000008d400000| Untracked 
|  63|0x000000008d500000, 0x000000008d500000, 0x000000008d600000|  0%| F|  |TAMS 0x000000008d500000, 0x000000008d500000| Untracked 
|  64|0x000000008d600000, 0x000000008d600000, 0x000000008d700000|  0%| F|  |TAMS 0x000000008d600000, 0x000000008d600000| Untracked 
|  65|0x000000008d700000, 0x000000008d700000, 0x000000008d800000|  0%| F|  |TAMS 0x000000008d700000, 0x000000008d700000| Untracked 
|  66|0x000000008d800000, 0x000000008d800000, 0x000000008d900000|  0%| F|  |TAMS 0x000000008d800000, 0x000000008d800000| Untracked 
|  67|0x000000008d900000, 0x000000008d900000, 0x000000008da00000|  0%| F|  |TAMS 0x000000008d900000, 0x000000008d900000| Untracked 
|  68|0x000000008da00000, 0x000000008da00000, 0x000000008db00000|  0%| F|  |TAMS 0x000000008da00000, 0x000000008da00000| Untracked 
|  69|0x000000008db00000, 0x000000008db00000, 0x000000008dc00000|  0%| F|  |TAMS 0x000000008db00000, 0x000000008db00000| Untracked 
|  70|0x000000008dc00000, 0x000000008dc00000, 0x000000008dd00000|  0%| F|  |TAMS 0x000000008dc00000, 0x000000008dc00000| Untracked 
|  71|0x000000008dd00000, 0x000000008dd00000, 0x000000008de00000|  0%| F|  |TAMS 0x000000008dd00000, 0x000000008dd00000| Untracked 
|  72|0x000000008de00000, 0x000000008de00000, 0x000000008df00000|  0%| F|  |TAMS 0x000000008de00000, 0x000000008de00000| Untracked 
|  73|0x000000008df00000, 0x000000008df00000, 0x000000008e000000|  0%| F|  |TAMS 0x000000008df00000, 0x000000008df00000| Untracked 
|  74|0x000000008e000000, 0x000000008e000000, 0x000000008e100000|  0%| F|  |TAMS 0x000000008e000000, 0x000000008e000000| Untracked 
|  75|0x000000008e100000, 0x000000008e100000, 0x000000008e200000|  0%| F|  |TAMS 0x000000008e100000, 0x000000008e100000| Untracked 
|  76|0x000000008e200000, 0x000000008e200000, 0x000000008e300000|  0%| F|  |TAMS 0x000000008e200000, 0x000000008e200000| Untracked 
|  77|0x000000008e300000, 0x000000008e300000, 0x000000008e400000|  0%| F|  |TAMS 0x000000008e300000, 0x000000008e300000| Untracked 
|  78|0x000000008e400000, 0x000000008e400000, 0x000000008e500000|  0%| F|  |TAMS 0x000000008e400000, 0x000000008e400000| Untracked 
|  79|0x000000008e500000, 0x000000008e500000, 0x000000008e600000|  0%| F|  |TAMS 0x000000008e500000, 0x000000008e500000| Untracked 
|  80|0x000000008e600000, 0x000000008e600000, 0x000000008e700000|  0%| F|  |TAMS 0x000000008e600000, 0x000000008e600000| Untracked 
|  81|0x000000008e700000, 0x000000008e700000, 0x000000008e800000|  0%| F|  |TAMS 0x000000008e700000, 0x000000008e700000| Untracked 
|  82|0x000000008e800000, 0x000000008e800000, 0x000000008e900000|  0%| F|  |TAMS 0x000000008e800000, 0x000000008e800000| Untracked 
|  83|0x000000008e900000, 0x000000008e900000, 0x000000008ea00000|  0%| F|  |TAMS 0x000000008e900000, 0x000000008e900000| Untracked 
|  84|0x000000008ea00000, 0x000000008ea00000, 0x000000008eb00000|  0%| F|  |TAMS 0x000000008ea00000, 0x000000008ea00000| Untracked 
|  85|0x000000008eb00000, 0x000000008eb00000, 0x000000008ec00000|  0%| F|  |TAMS 0x000000008eb00000, 0x000000008eb00000| Untracked 
|  86|0x000000008ec00000, 0x000000008ec00000, 0x000000008ed00000|  0%| F|  |TAMS 0x000000008ec00000, 0x000000008ec00000| Untracked 
|  87|0x000000008ed00000, 0x000000008ed00000, 0x000000008ee00000|  0%| F|  |TAMS 0x000000008ed00000, 0x000000008ed00000| Untracked 
|  88|0x000000008ee00000, 0x000000008ee00000, 0x000000008ef00000|  0%| F|  |TAMS 0x000000008ee00000, 0x000000008ee00000| Untracked 
|  89|0x000000008ef00000, 0x000000008ef00000, 0x000000008f000000|  0%| F|  |TAMS 0x000000008ef00000, 0x000000008ef00000| Untracked 
|  90|0x000000008f000000, 0x000000008f000000, 0x000000008f100000|  0%| F|  |TAMS 0x000000008f000000, 0x000000008f000000| Untracked 
|  91|0x000000008f100000, 0x000000008f100000, 0x000000008f200000|  0%| F|  |TAMS 0x000000008f100000, 0x000000008f100000| Untracked 
|  92|0x000000008f200000, 0x000000008f200000, 0x000000008f300000|  0%| F|  |TAMS 0x000000008f200000, 0x000000008f200000| Untracked 
|  93|0x000000008f300000, 0x000000008f300000, 0x000000008f400000|  0%| F|  |TAMS 0x000000008f300000, 0x000000008f300000| Untracked 
|  94|0x000000008f400000, 0x000000008f400000, 0x000000008f500000|  0%| F|  |TAMS 0x000000008f400000, 0x000000008f400000| Untracked 
|  95|0x000000008f500000, 0x000000008f500000, 0x000000008f600000|  0%| F|  |TAMS 0x000000008f500000, 0x000000008f500000| Untracked 
|  96|0x000000008f600000, 0x000000008f600000, 0x000000008f700000|  0%| F|  |TAMS 0x000000008f600000, 0x000000008f600000| Untracked 
|  97|0x000000008f700000, 0x000000008f700000, 0x000000008f800000|  0%| F|  |TAMS 0x000000008f700000, 0x000000008f700000| Untracked 
|  98|0x000000008f800000, 0x000000008f800000, 0x000000008f900000|  0%| F|  |TAMS 0x000000008f800000, 0x000000008f800000| Untracked 
|  99|0x000000008f900000, 0x000000008f900000, 0x000000008fa00000|  0%| F|  |TAMS 0x000000008f900000, 0x000000008f900000| Untracked 
| 100|0x000000008fa00000, 0x000000008fa00000, 0x000000008fb00000|  0%| F|  |TAMS 0x000000008fa00000, 0x000000008fa00000| Untracked 
| 101|0x000000008fb00000, 0x000000008fb00000, 0x000000008fc00000|  0%| F|  |TAMS 0x000000008fb00000, 0x000000008fb00000| Untracked 
| 102|0x000000008fc00000, 0x000000008fc00000, 0x000000008fd00000|  0%| F|  |TAMS 0x000000008fc00000, 0x000000008fc00000| Untracked 
| 103|0x000000008fd00000, 0x000000008fd00000, 0x000000008fe00000|  0%| F|  |TAMS 0x000000008fd00000, 0x000000008fd00000| Untracked 
| 104|0x000000008fe00000, 0x000000008fe00000, 0x000000008ff00000|  0%| F|  |TAMS 0x000000008fe00000, 0x000000008fe00000| Untracked 
| 105|0x000000008ff00000, 0x000000008ff00000, 0x0000000090000000|  0%| F|  |TAMS 0x000000008ff00000, 0x000000008ff00000| Untracked 
| 106|0x0000000090000000, 0x0000000090000000, 0x0000000090100000|  0%| F|  |TAMS 0x0000000090000000, 0x0000000090000000| Untracked 
| 107|0x0000000090100000, 0x0000000090100000, 0x0000000090200000|  0%| F|  |TAMS 0x0000000090100000, 0x0000000090100000| Untracked 
| 108|0x0000000090200000, 0x0000000090200000, 0x0000000090300000|  0%| F|  |TAMS 0x0000000090200000, 0x0000000090200000| Untracked 
| 109|0x0000000090300000, 0x0000000090300000, 0x0000000090400000|  0%| F|  |TAMS 0x0000000090300000, 0x0000000090300000| Untracked 
| 110|0x0000000090400000, 0x0000000090400000, 0x0000000090500000|  0%| F|  |TAMS 0x0000000090400000, 0x0000000090400000| Untracked 
| 111|0x0000000090500000, 0x0000000090500000, 0x0000000090600000|  0%| F|  |TAMS 0x0000000090500000, 0x0000000090500000| Untracked 
| 112|0x0000000090600000, 0x0000000090600000, 0x0000000090700000|  0%| F|  |TAMS 0x0000000090600000, 0x0000000090600000| Untracked 
| 113|0x0000000090700000, 0x0000000090700000, 0x0000000090800000|  0%| F|  |TAMS 0x0000000090700000, 0x0000000090700000| Untracked 
| 114|0x0000000090800000, 0x0000000090800000, 0x0000000090900000|  0%| F|  |TAMS 0x0000000090800000, 0x0000000090800000| Untracked 
| 115|0x0000000090900000, 0x0000000090900000, 0x0000000090a00000|  0%| F|  |TAMS 0x0000000090900000, 0x0000000090900000| Untracked 
| 116|0x0000000090a00000, 0x0000000090a00000, 0x0000000090b00000|  0%| F|  |TAMS 0x0000000090a00000, 0x0000000090a00000| Untracked 
| 117|0x0000000090b00000, 0x0000000090b00000, 0x0000000090c00000|  0%| F|  |TAMS 0x0000000090b00000, 0x0000000090b00000| Untracked 
| 118|0x0000000090c00000, 0x0000000090c00000, 0x0000000090d00000|  0%| F|  |TAMS 0x0000000090c00000, 0x0000000090c00000| Untracked 
| 119|0x0000000090d00000, 0x0000000090dc7c30, 0x0000000090e00000| 78%| E|  |TAMS 0x0000000090d00000, 0x0000000090d00000| Complete 

Card table byte_map: [0x0000016949a60000,0x0000016949e20000] _byte_map_base: 0x0000016949615000

Marking Bits (Prev, Next): (CMBitMap*) 0x00000169370471b0, (CMBitMap*) 0x00000169370471f0
 Prev Bits: [0x000001694a1e0000, 0x000001694bf88000)
 Next Bits: [0x000001694bf90000, 0x000001694dd38000)

Polling page: 0x0000016934ee0000

Metaspace:

Usage:
  Non-class:      3.48 MB used.
      Class:    303.40 KB used.
       Both:      3.78 MB used.

Virtual space:
  Non-class space:       64.00 MB reserved,       3.50 MB (  5%) committed,  1 nodes.
      Class space:        1.00 GB reserved,     320.00 KB ( <1%) committed,  1 nodes.
             Both:        1.06 GB reserved,       3.81 MB ( <1%) committed. 

Chunk freelists:
   Non-Class:  12.00 MB
       Class:  15.62 MB
        Both:  27.62 MB

MaxMetaspaceSize: unlimited
CompressedClassSpaceSize: 1.00 GB
Initial GC threshold: 21.00 MB
Current GC threshold: 21.00 MB
CDS: off
MetaspaceReclaimPolicy: balanced
 - commit_granule_bytes: 65536.
 - commit_granule_words: 8192.
 - virtual_space_node_default_size: 8388608.
 - enlarge_chunks_in_place: 1.
 - new_chunks_are_fully_committed: 0.
 - uncommit_free_chunks: 1.
 - use_allocation_guard: 0.
 - handle_deallocations: 1.


Internal statistics:

num_allocs_failed_limit: 0.
num_arena_births: 2.
num_arena_deaths: 0.
num_vsnodes_births: 2.
num_vsnodes_deaths: 0.
num_space_committed: 61.
num_space_uncommitted: 0.
num_chunks_returned_to_freelist: 0.
num_chunks_taken_from_freelist: 4.
num_chunk_merges: 0.
num_chunk_splits: 2.
num_chunks_enlarged: 0.
num_inconsistent_stats: 0.

CodeHeap 'non-profiled nmethods': size=120000Kb used=3Kb max_used=3Kb free=119996Kb
 bounds [0x0000016942170000, 0x00000169423e0000, 0x00000169496a0000]
CodeHeap 'profiled nmethods': size=120000Kb used=35Kb max_used=35Kb free=119964Kb
 bounds [0x000001693a6a0000, 0x000001693a910000, 0x0000016941bd0000]
CodeHeap 'non-nmethods': size=5760Kb used=1040Kb max_used=1040Kb free=4719Kb
 bounds [0x0000016941bd0000, 0x0000016941e40000, 0x0000016942170000]
 total_blobs=327 nmethods=31 adapters=209
 compilation: enabled
              stopped_count=0, restarted_count=0
 full_count=0

Compilation events (20 events):
Event: 0.129 Thread 0x00000169502c5000   22       3       java.lang.String::coder (15 bytes)
Event: 0.129 Thread 0x00000169502c5000 nmethod 22 0x000001693a6a6f10 code [0x000001693a6a70a0, 0x000001693a6a71d8]
Event: 0.129 Thread 0x00000169502c5000   23       3       java.lang.String::length (11 bytes)
Event: 0.129 Thread 0x00000169502c5000 nmethod 23 0x000001693a6a7290 code [0x000001693a6a7420, 0x000001693a6a75b8]
Event: 0.130 Thread 0x00000169502c5000   24       1       java.lang.module.ModuleDescriptor::name (5 bytes)
Event: 0.130 Thread 0x00000169502c5000 nmethod 24 0x0000016942170410 code [0x00000169421705a0, 0x0000016942170678]
Event: 0.131 Thread 0x00000169502c5000   25       1       java.lang.module.ModuleReference::descriptor (5 bytes)
Event: 0.131 Thread 0x00000169502c5000 nmethod 25 0x0000016942170710 code [0x00000169421708a0, 0x0000016942170978]
Event: 0.131 Thread 0x00000169502c5000   26       3       java.net.URI::hash (33 bytes)
Event: 0.132 Thread 0x00000169502c5000 nmethod 26 0x000001693a6a7690 code [0x000001693a6a7880, 0x000001693a6a7d18]
Event: 0.138 Thread 0x00000169502c5000   27       3       java.util.concurrent.ConcurrentHashMap::tabAt (22 bytes)
Event: 0.138 Thread 0x00000169502c4560   30       4       java.lang.Object::<init> (1 bytes)
Event: 0.138 Thread 0x00000169502c5000 nmethod 27 0x000001693a6a7f10 code [0x000001693a6a80c0, 0x000001693a6a8398]
Event: 0.138 Thread 0x00000169502c5000   28       3       jdk.internal.misc.Unsafe::getReferenceAcquire (7 bytes)
Event: 0.139 Thread 0x00000169502c4560 nmethod 30 0x0000016942170a10 code [0x0000016942170b80, 0x0000016942170bf8]
Event: 0.139 Thread 0x00000169502c5000 nmethod 28 0x000001693a6a8490 code [0x000001693a6a8620, 0x000001693a6a8778]
Event: 0.139 Thread 0x00000169502c5000   29       3       java.util.concurrent.ConcurrentHashMap::spread (10 bytes)
Event: 0.139 Thread 0x00000169502c5000 nmethod 29 0x000001693a6a8810 code [0x000001693a6a89a0, 0x000001693a6a8a98]
Event: 0.145 Thread 0x00000169502c5000   31       3       java.util.HashMap::hash (20 bytes)
Event: 0.145 Thread 0x00000169502c5000 nmethod 31 0x000001693a6a8b10 code [0x000001693a6a8cc0, 0x000001693a6a8ec8]

GC Heap History (0 events):
No events

Dll operation events (1 events):
Event: 0.008 Loaded shared library C:\Users\Lenovo T460\Downloads\eclipse\plugins\org.eclipse.justj.openjdk.hotspot.jre.full.win32.x86_64_17.0.7.v20230425-1502\jre\bin\java.dll

Deoptimization events (0 events):
No events

Classes unloaded (0 events):
No events

Classes redefined (0 events):
No events

Internal exceptions (0 events):
No events

VM Operations (0 events):
No events

Events (20 events):
Event: 0.147 loading class java/lang/invoke/LambdaMetafactory done
Event: 0.149 loading class java/lang/invoke/MethodType$ConcurrentWeakInternSet
Event: 0.149 loading class java/lang/invoke/MethodType$ConcurrentWeakInternSet done
Event: 0.149 loading class java/lang/Void
Event: 0.149 loading class java/lang/Void done
Event: 0.150 loading class java/lang/invoke/MethodTypeForm
Event: 0.150 loading class java/lang/invoke/MethodTypeForm done
Event: 0.150 loading class java/lang/invoke/MethodType$ConcurrentWeakInternSet$WeakEntry
Event: 0.150 loading class java/lang/invoke/MethodType$ConcurrentWeakInternSet$WeakEntry done
Event: 0.150 loading class sun/invoke/util/Wrapper
Event: 0.151 loading class sun/invoke/util/Wrapper done
Event: 0.151 loading class sun/invoke/util/Wrapper$Format
Event: 0.151 loading class sun/invoke/util/Wrapper$Format done
Event: 0.152 loading class java/lang/invoke/LambdaForm$NamedFunction
Event: 0.152 loading class java/lang/invoke/LambdaForm$NamedFunction done
Event: 0.152 loading class java/lang/invoke/DirectMethodHandle$Holder
Event: 0.153 loading class java/lang/invoke/DirectMethodHandle$Holder done
Event: 0.153 loading class sun/invoke/util/ValueConversions
Event: 0.154 loading class sun/invoke/util/ValueConversions done
Event: 0.154 loading class java/lang/invoke/MethodHandleImpl


Dynamic libraries:
0x00007ff724900000 - 0x00007ff72490e000 	C:\Users\Lenovo T460\Downloads\eclipse\plugins\org.eclipse.justj.openjdk.hotspot.jre.full.win32.x86_64_17.0.7.v20230425-1502\jre\bin\javaw.exe
0x00007ffe45900000 - 0x00007ffe45aef000 	C:\Windows\SYSTEM32\ntdll.dll
0x00007ffe45840000 - 0x00007ffe458f3000 	C:\Windows\System32\KERNEL32.DLL
0x00007ffe424b0000 - 0x00007ffe4274d000 	C:\Windows\System32\KERNELBASE.dll
0x00007ffe42750000 - 0x00007ffe4284a000 	C:\Windows\System32\ucrtbase.dll
0x00007ffe33aa0000 - 0x00007ffe33ab7000 	C:\Users\Lenovo T460\Downloads\eclipse\plugins\org.eclipse.justj.openjdk.hotspot.jre.full.win32.x86_64_17.0.7.v20230425-1502\jre\bin\jli.dll
0x00007ffe3f990000 - 0x00007ffe3f9a9000 	C:\Users\Lenovo T460\Downloads\eclipse\plugins\org.eclipse.justj.openjdk.hotspot.jre.full.win32.x86_64_17.0.7.v20230425-1502\jre\bin\VCRUNTIME140.dll
0x00007ffe42fe0000 - 0x00007ffe43178000 	C:\Windows\System32\USER32.dll
0x00007ffe419c0000 - 0x00007ffe419e0000 	C:\Windows\System32\win32u.dll
0x00007ffe2b1e0000 - 0x00007ffe2b459000 	C:\Windows\WinSxS\amd64_microsoft.windows.common-controls_6595b64144ccf1df_6.0.17763.4499_none_de761d2e534700e4\COMCTL32.dll
0x00007ffe45540000 - 0x00007ffe45569000 	C:\Windows\System32\GDI32.dll
0x00007ffe42250000 - 0x00007ffe423f6000 	C:\Windows\System32\gdi32full.dll
0x00007ffe456a0000 - 0x00007ffe4573e000 	C:\Windows\System32\msvcrt.dll
0x00007ffe42160000 - 0x00007ffe42200000 	C:\Windows\System32\msvcp_win.dll
0x00007ffe449a0000 - 0x00007ffe44ccb000 	C:\Windows\System32\combase.dll
0x00007ffe45420000 - 0x00007ffe4553e000 	C:\Windows\System32\RPCRT4.dll
0x00007ffe42850000 - 0x00007ffe428d2000 	C:\Windows\System32\bcryptPrimitives.dll
0x00007ffe45740000 - 0x00007ffe4576e000 	C:\Windows\System32\IMM32.DLL
0x00007ffe3f980000 - 0x00007ffe3f98c000 	C:\Users\Lenovo T460\Downloads\eclipse\plugins\org.eclipse.justj.openjdk.hotspot.jre.full.win32.x86_64_17.0.7.v20230425-1502\jre\bin\vcruntime140_1.dll
0x00007ffe33710000 - 0x00007ffe337a1000 	C:\Users\Lenovo T460\Downloads\eclipse\plugins\org.eclipse.justj.openjdk.hotspot.jre.full.win32.x86_64_17.0.7.v20230425-1502\jre\bin\msvcp140.dll
0x00007ffdf0900000 - 0x00007ffdf1548000 	C:\Users\Lenovo T460\Downloads\eclipse\plugins\org.eclipse.justj.openjdk.hotspot.jre.full.win32.x86_64_17.0.7.v20230425-1502\jre\bin\server\jvm.dll
0x00007ffe44f40000 - 0x00007ffe44fe7000 	C:\Windows\System32\ADVAPI32.dll
0x00007ffe43310000 - 0x00007ffe433af000 	C:\Windows\System32\sechost.dll
0x00007ffe2e8a0000 - 0x00007ffe2e8a9000 	C:\Windows\SYSTEM32\WSOCK32.dll
0x00007ffe3f8c0000 - 0x00007ffe3f8e4000 	C:\Windows\SYSTEM32\WINMM.dll
0x00007ffe37910000 - 0x00007ffe3791a000 	C:\Windows\SYSTEM32\VERSION.dll
0x00007ffe455d0000 - 0x00007ffe4563d000 	C:\Windows\System32\WS2_32.dll
0x00007ffe3f890000 - 0x00007ffe3f8bd000 	C:\Windows\SYSTEM32\WINMMBASE.dll
0x00007ffe42200000 - 0x00007ffe4224a000 	C:\Windows\System32\cfgmgr32.dll
0x00007ffe41950000 - 0x00007ffe41961000 	C:\Windows\System32\kernel.appcore.dll
0x00007ffe37c00000 - 0x00007ffe37c0a000 	C:\Users\Lenovo T460\Downloads\eclipse\plugins\org.eclipse.justj.openjdk.hotspot.jre.full.win32.x86_64_17.0.7.v20230425-1502\jre\bin\jimage.dll
0x00007ffe33100000 - 0x00007ffe332ed000 	C:\Windows\SYSTEM32\DBGHELP.DLL
0x00007ffe330d0000 - 0x00007ffe330fa000 	C:\Windows\SYSTEM32\dbgcore.DLL
0x00007ffe35910000 - 0x00007ffe35935000 	C:\Users\Lenovo T460\Downloads\eclipse\plugins\org.eclipse.justj.openjdk.hotspot.jre.full.win32.x86_64_17.0.7.v20230425-1502\jre\bin\java.dll
0x00007ffe35ca0000 - 0x00007ffe35cb8000 	C:\Users\Lenovo T460\Downloads\eclipse\plugins\org.eclipse.justj.openjdk.hotspot.jre.full.win32.x86_64_17.0.7.v20230425-1502\jre\bin\zip.dll
0x00007ffe433c0000 - 0x00007ffe448b8000 	C:\Windows\System32\SHELL32.dll
0x00007ffe45240000 - 0x00007ffe452e7000 	C:\Windows\System32\shcore.dll
0x00007ffe419e0000 - 0x00007ffe42129000 	C:\Windows\System32\windows.storage.dll
0x00007ffe41970000 - 0x00007ffe41993000 	C:\Windows\System32\profapi.dll
0x00007ffe418f0000 - 0x00007ffe4194d000 	C:\Windows\System32\powrprof.dll
0x00007ffe448c0000 - 0x00007ffe44912000 	C:\Windows\System32\shlwapi.dll
0x00007ffe428e0000 - 0x00007ffe428fb000 	C:\Windows\System32\cryptsp.dll

dbghelp: loaded successfully - version: 4.0.5 - missing functions: none
symbol engine: initialized successfully - sym options: 0x614 - pdb path: .;C:\Users\Lenovo T460\Downloads\eclipse\plugins\org.eclipse.justj.openjdk.hotspot.jre.full.win32.x86_64_17.0.7.v20230425-1502\jre\bin;C:\Windows\SYSTEM32;C:\Windows\WinSxS\amd64_microsoft.windows.common-controls_6595b64144ccf1df_6.0.17763.4499_none_de761d2e534700e4;C:\Users\Lenovo T460\Downloads\eclipse\plugins\org.eclipse.justj.openjdk.hotspot.jre.full.win32.x86_64_17.0.7.v20230425-1502\jre\bin\server

VM Arguments:
jvm_args: -Dfile.encoding=UTF-8 --module-path=C:\Users\Lenovo T460\eclipse-workspace\calculadoraSwitch\bin -XX:+ShowCodeDetailsInExceptionMessages -Djdk.module.main=calculadoraSwitch 
java_command: calculadoraSwitch/calculadoraSwitch.MenuOperaciones
java_class_path (initial): <not set>
Launcher Type: SUN_STANDARD

[Global flags]
     intx CICompilerCount                          = 3                                         {product} {ergonomic}
     uint ConcGCThreads                            = 1                                         {product} {ergonomic}
     uint G1ConcRefinementThreads                  = 4                                         {product} {ergonomic}
   size_t G1HeapRegionSize                         = 1048576                                   {product} {ergonomic}
    uintx GCDrainStackTargetSize                   = 64                                        {product} {ergonomic}
   size_t InitialHeapSize                          = 125829120                                 {product} {ergonomic}
   size_t MarkStackSize                            = 4194304                                   {product} {ergonomic}
   size_t MaxHeapSize                              = 1990197248                                {product} {ergonomic}
   size_t MaxNewSize                               = 1193279488                                {product} {ergonomic}
   size_t MinHeapDeltaBytes                        = 1048576                                   {product} {ergonomic}
   size_t MinHeapSize                              = 8388608                                   {product} {ergonomic}
    uintx NonNMethodCodeHeapSize                   = 5832780                                {pd product} {ergonomic}
    uintx NonProfiledCodeHeapSize                  = 122912730                              {pd product} {ergonomic}
    uintx ProfiledCodeHeapSize                     = 122912730                              {pd product} {ergonomic}
    uintx ReservedCodeCacheSize                    = 251658240                              {pd product} {ergonomic}
     bool SegmentedCodeCache                       = true                                      {product} {ergonomic}
     bool ShowCodeDetailsInExceptionMessages       = true                                   {manageable} {command line}
   size_t SoftMaxHeapSize                          = 1990197248                             {manageable} {ergonomic}
     bool UseCompressedClassPointers               = true                           {product lp64_product} {ergonomic}
     bool UseCompressedOops                        = true                           {product lp64_product} {ergonomic}
     bool UseG1GC                                  = true                                      {product} {ergonomic}
     bool UseLargePagesIndividualAllocation        = false                                  {pd product} {ergonomic}

Logging:
Log output configuration:
 #0: stdout all=warning uptime,level,tags
 #1: stderr all=off uptime,level,tags

Environment Variables:
PATH=C:/Users/Lenovo T460/Downloads/eclipse//plugins/org.eclipse.justj.openjdk.hotspot.jre.full.win32.x86_64_17.0.7.v20230425-1502/jre/bin/server;C:/Users/Lenovo T460/Downloads/eclipse//plugins/org.eclipse.justj.openjdk.hotspot.jre.full.win32.x86_64_17.0.7.v20230425-1502/jre/bin;C:\Program Files\Common Files\Oracle\Java\javapath;C:\Windows\system32;C:\Windows;C:\Windows\System32\Wbem;C:\Windows\System32\WindowsPowerShell\v1.0\;C:\Windows\System32\OpenSSH\;c:\Program Files (x86)\Intel\Intel(R) Management Engine Components\DAL;c:\Program Files\Intel\Intel(R) Management Engine Components\DAL;C:\Program Files\Git\cmd;C:\Program Files\Common Files\Autodesk Shared\;C:\Users\Lenovo T460\AppData\Local\Microsoft\WindowsApps;;C:\Users\Lenovo T460\AppData\Local\Programs\Microsoft VS Code\bin;C:\Users\Lenovo T460\Downloads\eclipse;
USERNAME=Lenovo T460
OS=Windows_NT
PROCESSOR_IDENTIFIER=Intel64 Family 6 Model 78 Stepping 3, GenuineIntel
TMP=C:\TESTTEMP
TEMP=C:\TESTTEMP



---------------  S Y S T E M  ---------------

OS:
 Windows 10 , 64 bit Build 17763 (10.0.17763.4377)
OS uptime: 1 days 7:41 hours

CPU: total 4 (initial active 4) (2 cores per cpu, 2 threads per core) family 6 model 78 stepping 3 microcode 0xd6, cx8, cmov, fxsr, ht, mmx, 3dnowpref, sse, sse2, sse3, ssse3, sse4.1, sse4.2, popcnt, lzcnt, tsc, tscinvbit, avx, avx2, aes, erms, clmul, bmi1, bmi2, rtm, adx, fma, vzeroupper, clflush, clflushopt

Memory: 4k page, system-wide physical 7591M (1809M free)
TotalPageFile size 15783M (AvailPageFile size 3M)
current process WorkingSet (physical memory assigned to process): 26M, peak: 27M
current process commit charge ("private bytes"): 185M, peak: 185M

vm_info: OpenJDK 64-Bit Server VM (17.0.7+7) for windows-amd64 JRE (17.0.7+7), built on Apr 18 2023 22:10:42 by "temurin" with MS VC++ 16.7 (VS2019)

END.
