#
# There is insufficient memory for the Java Runtime Environment to continue.
# Native memory allocation (mmap) failed to map 125829120 bytes for G1 virtual space
# Possible reasons:
#   The system is out of physical RAM or swap space
#   The process is running with CompressedOops enabled, and the Java Heap may be blocking the growth of the native heap
# Possible solutions:
#   Reduce memory load on the system
#   Increase physical memory or swap space
#   Check if swap backing store is full
#   Decrease Java heap size (-Xmx/-Xms)
#   Decrease number of Java threads
#   Decrease Java thread stack sizes (-Xss)
#   Set larger code cache with -XX:ReservedCodeCacheSize=
#   JVM is running with Unscaled Compressed Oops mode in which the Java heap is
#     placed in the first 4GB address space. The Java Heap base address is the
#     maximum limit for the native heap growth. Please use -XX:HeapBaseMinAddress
#     to set the Java Heap base and to place the Java Heap above 4GB virtual address.
# This output file may be truncated or incomplete.
#
#  Out of Memory Error (os_windows.cpp:3559), pid=11380, tid=10232
#
# JRE version:  (17.0.7+7) (build )
# Java VM: OpenJDK 64-Bit Server VM (17.0.7+7, mixed mode, sharing, tiered, compressed oops, compressed class ptrs, g1 gc, windows-amd64)
# No core dump will be written. Minidumps are not enabled by default on client versions of Windows
#

---------------  S U M M A R Y ------------

Command Line: -Dfile.encoding=UTF-8 --module-path=C:\Users\Lenovo T460\eclipse-workspace\calculadoraSwitch\bin -XX:+ShowCodeDetailsInExceptionMessages -Djdk.module.main=calculadoraSwitch calculadoraSwitch/calculadoraSwitch.MenuOperaciones

Host: Intel(R) Core(TM) i5-6300U CPU @ 2.40GHz, 4 cores, 7G,  Windows 10 , 64 bit Build 17763 (10.0.17763.4377)
Time: Fri Jun 30 01:51:57 2023 Hora estándar central (México) elapsed time: 0.016847 seconds (0d 0h 0m 0s)

---------------  T H R E A D  ---------------

Current thread (0x000002628f3bd000):  JavaThread "Unknown thread" [_thread_in_vm, id=10232, stack(0x000000d9a3a00000,0x000000d9a3b00000)]

Stack: [0x000000d9a3a00000,0x000000d9a3b00000]
Native frames: (J=compiled Java code, j=interpreted, Vv=VM code, C=native code)
V  [jvm.dll+0x67754a]
V  [jvm.dll+0x834304]
V  [jvm.dll+0x835aae]
V  [jvm.dll+0x836113]
V  [jvm.dll+0x24696f]
V  [jvm.dll+0x6743f9]
V  [jvm.dll+0x668c8a]
V  [jvm.dll+0x3061bb]
V  [jvm.dll+0x30d6a6]
V  [jvm.dll+0x35cece]
V  [jvm.dll+0x35d0ff]
V  [jvm.dll+0x2dd048]
V  [jvm.dll+0x2ddfb4]
V  [jvm.dll+0x8066d1]
V  [jvm.dll+0x36ac91]
V  [jvm.dll+0x7e5cec]
V  [jvm.dll+0x3ed56f]
V  [jvm.dll+0x3ef0a1]
C  [jli.dll+0x528b]
C  [ucrtbase.dll+0x2268a]
C  [KERNEL32.DLL+0x17ac4]
C  [ntdll.dll+0x5a351]


---------------  P R O C E S S  ---------------

Threads class SMR info:
_java_thread_list=0x00007ffdf1417018, length=0, elements={
}

Java Threads: ( => current thread )

Other Threads:
  0x00000262915646c0 GCTaskThread "GC Thread#0" [stack: 0x000000d9a3b00000,0x000000d9a3c00000] [id=13868]
  0x0000026291574f00 ConcurrentGCThread "G1 Main Marker" [stack: 0x000000d9a3c00000,0x000000d9a3d00000] [id=10528]
  0x0000026291575910 ConcurrentGCThread "G1 Conc#0" [stack: 0x000000d9a3d00000,0x000000d9a3e00000] [id=15072]

[error occurred during error reporting (printing all threads), id 0xc0000005, EXCEPTION_ACCESS_VIOLATION (0xc0000005) at pc=0x00007ffdf0bedaf7]

VM state: not at safepoint (not fully initialized)

VM Mutex/Monitor currently owned by a thread:  ([mutex/lock_event])
[0x000002629150c580] Heap_lock - owner thread: 0x000002628f3bd000

Heap address: 0x0000000089600000, size: 1898 MB, Compressed Oops mode: 32-bit

CDS archive(s) mapped at: [0x0000000000000000-0x0000000000000000-0x0000000000000000), size 0, SharedBaseAddress: 0x0000000800000000, ArchiveRelocationMode: 0.
Narrow klass base: 0x0000000000000000, Narrow klass shift: 0, Narrow klass range: 0x0

GC Precious Log:
<Empty>

Heap:
 garbage-first heap   total 0K, used 0K [0x0000000089600000, 0x0000000100000000)
  region size 1024K, 0 young (0K), 0 survivors (0K)

[error occurred during error reporting (printing heap information), id 0xc0000005, EXCEPTION_ACCESS_VIOLATION (0xc0000005) at pc=0x00007ffdf0fd0db9]

GC Heap History (0 events):
No events

Dll operation events (1 events):
Event: 0.008 Loaded shared library C:\Users\Lenovo T460\Downloads\eclipse\plugins\org.eclipse.justj.openjdk.hotspot.jre.full.win32.x86_64_17.0.7.v20230425-1502\jre\bin\java.dll

Deoptimization events (0 events):
No events

Classes unloaded (0 events):
No events

Classes redefined (0 events):
No events

Internal exceptions (0 events):
No events

VM Operations (0 events):
No events

Events (0 events):
No events


Dynamic libraries:
0x00007ff724900000 - 0x00007ff72490e000 	C:\Users\Lenovo T460\Downloads\eclipse\plugins\org.eclipse.justj.openjdk.hotspot.jre.full.win32.x86_64_17.0.7.v20230425-1502\jre\bin\javaw.exe
0x00007ffe45900000 - 0x00007ffe45aef000 	C:\Windows\SYSTEM32\ntdll.dll
0x00007ffe45840000 - 0x00007ffe458f3000 	C:\Windows\System32\KERNEL32.DLL
0x00007ffe424b0000 - 0x00007ffe4274d000 	C:\Windows\System32\KERNELBASE.dll
0x00007ffe42750000 - 0x00007ffe4284a000 	C:\Windows\System32\ucrtbase.dll
0x00007ffe33aa0000 - 0x00007ffe33ab7000 	C:\Users\Lenovo T460\Downloads\eclipse\plugins\org.eclipse.justj.openjdk.hotspot.jre.full.win32.x86_64_17.0.7.v20230425-1502\jre\bin\jli.dll
0x00007ffe3f990000 - 0x00007ffe3f9a9000 	C:\Users\Lenovo T460\Downloads\eclipse\plugins\org.eclipse.justj.openjdk.hotspot.jre.full.win32.x86_64_17.0.7.v20230425-1502\jre\bin\VCRUNTIME140.dll
0x00007ffe42fe0000 - 0x00007ffe43178000 	C:\Windows\System32\USER32.dll
0x00007ffe2b1e0000 - 0x00007ffe2b459000 	C:\Windows\WinSxS\amd64_microsoft.windows.common-controls_6595b64144ccf1df_6.0.17763.4499_none_de761d2e534700e4\COMCTL32.dll
0x00007ffe419c0000 - 0x00007ffe419e0000 	C:\Windows\System32\win32u.dll
0x00007ffe45540000 - 0x00007ffe45569000 	C:\Windows\System32\GDI32.dll
0x00007ffe456a0000 - 0x00007ffe4573e000 	C:\Windows\System32\msvcrt.dll
0x00007ffe42250000 - 0x00007ffe423f6000 	C:\Windows\System32\gdi32full.dll
0x00007ffe449a0000 - 0x00007ffe44ccb000 	C:\Windows\System32\combase.dll
0x00007ffe42160000 - 0x00007ffe42200000 	C:\Windows\System32\msvcp_win.dll
0x00007ffe45420000 - 0x00007ffe4553e000 	C:\Windows\System32\RPCRT4.dll
0x00007ffe42850000 - 0x00007ffe428d2000 	C:\Windows\System32\bcryptPrimitives.dll
0x00007ffe45740000 - 0x00007ffe4576e000 	C:\Windows\System32\IMM32.DLL
0x00007ffe3f980000 - 0x00007ffe3f98c000 	C:\Users\Lenovo T460\Downloads\eclipse\plugins\org.eclipse.justj.openjdk.hotspot.jre.full.win32.x86_64_17.0.7.v20230425-1502\jre\bin\vcruntime140_1.dll
0x00007ffe33710000 - 0x00007ffe337a1000 	C:\Users\Lenovo T460\Downloads\eclipse\plugins\org.eclipse.justj.openjdk.hotspot.jre.full.win32.x86_64_17.0.7.v20230425-1502\jre\bin\msvcp140.dll
0x00007ffdf0900000 - 0x00007ffdf1548000 	C:\Users\Lenovo T460\Downloads\eclipse\plugins\org.eclipse.justj.openjdk.hotspot.jre.full.win32.x86_64_17.0.7.v20230425-1502\jre\bin\server\jvm.dll
0x00007ffe44f40000 - 0x00007ffe44fe7000 	C:\Windows\System32\ADVAPI32.dll
0x00007ffe43310000 - 0x00007ffe433af000 	C:\Windows\System32\sechost.dll
0x00007ffe2e8a0000 - 0x00007ffe2e8a9000 	C:\Windows\SYSTEM32\WSOCK32.dll
0x00007ffe3f8c0000 - 0x00007ffe3f8e4000 	C:\Windows\SYSTEM32\WINMM.dll
0x00007ffe455d0000 - 0x00007ffe4563d000 	C:\Windows\System32\WS2_32.dll
0x00007ffe37910000 - 0x00007ffe3791a000 	C:\Windows\SYSTEM32\VERSION.dll
0x00007ffe3f890000 - 0x00007ffe3f8bd000 	C:\Windows\SYSTEM32\winmmbase.dll
0x00007ffe42200000 - 0x00007ffe4224a000 	C:\Windows\System32\cfgmgr32.dll
0x00007ffe41950000 - 0x00007ffe41961000 	C:\Windows\System32\kernel.appcore.dll
0x00007ffe37c00000 - 0x00007ffe37c0a000 	C:\Users\Lenovo T460\Downloads\eclipse\plugins\org.eclipse.justj.openjdk.hotspot.jre.full.win32.x86_64_17.0.7.v20230425-1502\jre\bin\jimage.dll
0x00007ffe33100000 - 0x00007ffe332ed000 	C:\Windows\SYSTEM32\DBGHELP.DLL
0x00007ffe330d0000 - 0x00007ffe330fa000 	C:\Windows\SYSTEM32\dbgcore.DLL
0x00007ffe35910000 - 0x00007ffe35935000 	C:\Users\Lenovo T460\Downloads\eclipse\plugins\org.eclipse.justj.openjdk.hotspot.jre.full.win32.x86_64_17.0.7.v20230425-1502\jre\bin\java.dll

dbghelp: loaded successfully - version: 4.0.5 - missing functions: none
symbol engine: initialized successfully - sym options: 0x614 - pdb path: .;C:\Users\Lenovo T460\Downloads\eclipse\plugins\org.eclipse.justj.openjdk.hotspot.jre.full.win32.x86_64_17.0.7.v20230425-1502\jre\bin;C:\Windows\SYSTEM32;C:\Windows\WinSxS\amd64_microsoft.windows.common-controls_6595b64144ccf1df_6.0.17763.4499_none_de761d2e534700e4;C:\Users\Lenovo T460\Downloads\eclipse\plugins\org.eclipse.justj.openjdk.hotspot.jre.full.win32.x86_64_17.0.7.v20230425-1502\jre\bin\server

VM Arguments:
jvm_args: -Dfile.encoding=UTF-8 --module-path=C:\Users\Lenovo T460\eclipse-workspace\calculadoraSwitch\bin -XX:+ShowCodeDetailsInExceptionMessages -Djdk.module.main=calculadoraSwitch 
java_command: calculadoraSwitch/calculadoraSwitch.MenuOperaciones
java_class_path (initial): <not set>
Launcher Type: SUN_STANDARD

[Global flags]
     intx CICompilerCount                          = 3                                         {product} {ergonomic}
     uint ConcGCThreads                            = 1                                         {product} {ergonomic}
     uint G1ConcRefinementThreads                  = 4                                         {product} {ergonomic}
   size_t G1HeapRegionSize                         = 1048576                                   {product} {ergonomic}
    uintx GCDrainStackTargetSize                   = 64                                        {product} {ergonomic}
   size_t InitialHeapSize                          = 125829120                                 {product} {ergonomic}
   size_t MarkStackSize                            = 4194304                                   {product} {ergonomic}
   size_t MaxHeapSize                              = 1990197248                                {product} {ergonomic}
   size_t MinHeapDeltaBytes                        = 1048576                                   {product} {ergonomic}
   size_t MinHeapSize                              = 8388608                                   {product} {ergonomic}
    uintx NonNMethodCodeHeapSize                   = 5832780                                {pd product} {ergonomic}
    uintx NonProfiledCodeHeapSize                  = 122912730                              {pd product} {ergonomic}
    uintx ProfiledCodeHeapSize                     = 122912730                              {pd product} {ergonomic}
    uintx ReservedCodeCacheSize                    = 251658240                              {pd product} {ergonomic}
     bool SegmentedCodeCache                       = true                                      {product} {ergonomic}
     bool ShowCodeDetailsInExceptionMessages       = true                                   {manageable} {command line}
   size_t SoftMaxHeapSize                          = 1990197248                             {manageable} {ergonomic}
     bool UseCompressedClassPointers               = true                           {product lp64_product} {ergonomic}
     bool UseCompressedOops                        = true                           {product lp64_product} {ergonomic}
     bool UseG1GC                                  = true                                      {product} {ergonomic}
     bool UseLargePagesIndividualAllocation        = false                                  {pd product} {ergonomic}

Logging:
Log output configuration:
 #0: stdout all=warning uptime,level,tags
 #1: stderr all=off uptime,level,tags

Environment Variables:
PATH=C:/Users/Lenovo T460/Downloads/eclipse//plugins/org.eclipse.justj.openjdk.hotspot.jre.full.win32.x86_64_17.0.7.v20230425-1502/jre/bin/server;C:/Users/Lenovo T460/Downloads/eclipse//plugins/org.eclipse.justj.openjdk.hotspot.jre.full.win32.x86_64_17.0.7.v20230425-1502/jre/bin;C:\Program Files\Common Files\Oracle\Java\javapath;C:\Windows\system32;C:\Windows;C:\Windows\System32\Wbem;C:\Windows\System32\WindowsPowerShell\v1.0\;C:\Windows\System32\OpenSSH\;c:\Program Files (x86)\Intel\Intel(R) Management Engine Components\DAL;c:\Program Files\Intel\Intel(R) Management Engine Components\DAL;C:\Program Files\Git\cmd;C:\Program Files\Common Files\Autodesk Shared\;C:\Users\Lenovo T460\AppData\Local\Microsoft\WindowsApps;;C:\Users\Lenovo T460\AppData\Local\Programs\Microsoft VS Code\bin;C:\Users\Lenovo T460\Downloads\eclipse;
USERNAME=Lenovo T460
OS=Windows_NT
PROCESSOR_IDENTIFIER=Intel64 Family 6 Model 78 Stepping 3, GenuineIntel
TMP=C:\TESTTEMP
TEMP=C:\TESTTEMP



---------------  S Y S T E M  ---------------

OS:
 Windows 10 , 64 bit Build 17763 (10.0.17763.4377)
OS uptime: 1 days 8:18 hours

CPU: total 4 (initial active 4) (2 cores per cpu, 2 threads per core) family 6 model 78 stepping 3 microcode 0xd6, cx8, cmov, fxsr, ht, mmx, 3dnowpref, sse, sse2, sse3, ssse3, sse4.1, sse4.2, popcnt, lzcnt, tsc, tscinvbit, avx, avx2, aes, erms, clmul, bmi1, bmi2, rtm, adx, fma, vzeroupper, clflush, clflushopt

Memory: 4k page, system-wide physical 7591M (2279M free)
TotalPageFile size 15783M (AvailPageFile size 42M)
current process WorkingSet (physical memory assigned to process): 10M, peak: 10M
current process commit charge ("private bytes"): 51M, peak: 171M

vm_info: OpenJDK 64-Bit Server VM (17.0.7+7) for windows-amd64 JRE (17.0.7+7), built on Apr 18 2023 22:10:42 by "temurin" with MS VC++ 16.7 (VS2019)

END.
